<?xml version="1.0" encoding="UTF-8"?>
<!-- Generated by org.testng.reporters.JUnitXMLReporter -->
<testsuite hostname="CDC2-D-CJ5PXJ2" ignored="1" name="Default test" tests="3" failures="0" timestamp="11 Jul 2019 07:13:09 GMT" time="0.066" errors="0">
  <testcase name="f" time="0.007" classname="com.tests.NewTest"/>
  <testcase name="testgoogle" time="0.003" classname="com.test.NewTest"/>
  <testcase name="testTwitter" time="0.002" classname="com.test.NewTest"/>
  <testcase name="testfacebook" time="0.0" classname="com.test.NewTest">
    <ignored/>
  </testcase> <!-- testfacebook -->
</testsuite> <!-- Default test -->
