<?xml version="1.0" encoding="UTF-8"?>
<testng-results skipped="0" failed="0" ignored="1" total="4" passed="3">
  <reporter-output>
  </reporter-output>
  <suite name="Default suite" duration-ms="66" started-at="2019-07-11T07:13:08Z" finished-at="2019-07-11T07:13:08Z">
    <groups>
    </groups>
    <test name="Default test" duration-ms="66" started-at="2019-07-11T07:13:08Z" finished-at="2019-07-11T07:13:08Z">
      <class name="com.test.NewTest">
        <test-method status="PASS" signature="testgoogle()[pri:1, instance:com.test.NewTest@6d00a15d]" name="testgoogle" duration-ms="3" started-at="2019-07-11T07:13:08Z" finished-at="2019-07-11T07:13:08Z">
          <reporter-output>
          </reporter-output>
        </test-method> <!-- testgoogle -->
        <test-method status="PASS" signature="testTwitter()[pri:2, instance:com.test.NewTest@6d00a15d]" name="testTwitter" duration-ms="2" started-at="2019-07-11T07:13:08Z" finished-at="2019-07-11T07:13:08Z">
          <reporter-output>
          </reporter-output>
        </test-method> <!-- testTwitter -->
      </class> <!-- com.test.NewTest -->
      <class name="com.tests.NewTest">
        <test-method status="PASS" signature="beforeSuite()[pri:0, instance:com.tests.NewTest@36d4b5c]" name="beforeSuite" is-config="true" duration-ms="19" started-at="2019-07-11T07:13:08Z" finished-at="2019-07-11T07:13:08Z">
          <reporter-output>
          </reporter-output>
        </test-method> <!-- beforeSuite -->
        <test-method status="PASS" signature="beforeTest()[pri:0, instance:com.tests.NewTest@36d4b5c]" name="beforeTest" is-config="true" duration-ms="0" started-at="2019-07-11T07:13:08Z" finished-at="2019-07-11T07:13:08Z">
          <reporter-output>
          </reporter-output>
        </test-method> <!-- beforeTest -->
        <test-method status="PASS" signature="beforeClass()[pri:0, instance:com.tests.NewTest@36d4b5c]" name="beforeClass" is-config="true" duration-ms="0" started-at="2019-07-11T07:13:08Z" finished-at="2019-07-11T07:13:08Z">
          <reporter-output>
          </reporter-output>
        </test-method> <!-- beforeClass -->
        <test-method status="PASS" signature="beforeMethod()[pri:0, instance:com.tests.NewTest@36d4b5c]" name="beforeMethod" is-config="true" duration-ms="0" started-at="2019-07-11T07:13:08Z" finished-at="2019-07-11T07:13:08Z">
          <reporter-output>
          </reporter-output>
        </test-method> <!-- beforeMethod -->
        <test-method status="PASS" signature="f()[pri:0, instance:com.tests.NewTest@36d4b5c]" name="f" duration-ms="7" started-at="2019-07-11T07:13:08Z" finished-at="2019-07-11T07:13:08Z">
          <reporter-output>
          </reporter-output>
        </test-method> <!-- f -->
        <test-method status="PASS" signature="afterMethod()[pri:0, instance:com.tests.NewTest@36d4b5c]" name="afterMethod" is-config="true" duration-ms="0" started-at="2019-07-11T07:13:08Z" finished-at="2019-07-11T07:13:08Z">
          <reporter-output>
          </reporter-output>
        </test-method> <!-- afterMethod -->
        <test-method status="PASS" signature="afterClass()[pri:0, instance:com.tests.NewTest@36d4b5c]" name="afterClass" is-config="true" duration-ms="0" started-at="2019-07-11T07:13:08Z" finished-at="2019-07-11T07:13:08Z">
          <reporter-output>
          </reporter-output>
        </test-method> <!-- afterClass -->
        <test-method status="PASS" signature="afterTest()[pri:0, instance:com.tests.NewTest@36d4b5c]" name="afterTest" is-config="true" duration-ms="1" started-at="2019-07-11T07:13:08Z" finished-at="2019-07-11T07:13:08Z">
          <reporter-output>
          </reporter-output>
        </test-method> <!-- afterTest -->
        <test-method status="PASS" signature="afterSuite()[pri:0, instance:com.tests.NewTest@36d4b5c]" name="afterSuite" is-config="true" duration-ms="0" started-at="2019-07-11T07:13:09Z" finished-at="2019-07-11T07:13:09Z">
          <reporter-output>
          </reporter-output>
        </test-method> <!-- afterSuite -->
      </class> <!-- com.tests.NewTest -->
    </test> <!-- Default test -->
  </suite> <!-- Default suite -->
</testng-results>
